2020-07-06 10:10:27-log: ui-kit@1.0.0 enable
2020-07-06 10:10:27-log: ipc@1.0.0 enable
2020-07-06 10:10:27-log: tester@1.0.0 enable
2020-07-06 10:10:27-log: preferences@1.0.0 enable
2020-07-06 10:10:29-log: engine@1.0.0 enable
2020-07-06 10:10:29-log: asset-db@1.0.0 enable
2020-07-06 10:10:29-log: console@1.0.0 enable
2020-07-06 10:10:29-log: packager@1.0.0 enable
2020-07-06 10:10:29-log: project-setting@1.0.0 enable
2020-07-06 10:10:29-log: about@1.0.0 enable
2020-07-06 10:10:29-log: scene@1.0.0 enable
2020-07-06 10:10:29-log: utils@1.0.0 enable
2020-07-06 10:10:29-log: inspector@1.0.0 enable
2020-07-06 10:10:29-log: assets@1.0.0 enable
2020-07-06 10:10:29-log: profile@1.0.0 enable
2020-07-06 10:10:29-log: server@1.0.0 enable
2020-07-06 10:10:29-log: animator@1.0.0 enable
2020-07-06 10:10:29-log: hierarchy@1.0.0 enable
2020-07-06 10:10:29-log: preview@1.0.0 enable
2020-07-06 10:10:30-log: lightmap@1.0.0 enable
2020-07-06 10:10:30-log: builder@1.0.0 enable
2020-07-06 10:10:30-log: android@1.0.0 enable
2020-07-06 10:10:30-log: baidu-mini-game@1.0.0 enable
2020-07-06 10:10:30-log: alipay-mini-game@1.0.0 enable
2020-07-06 10:10:30-log: huawei-mini-game@1.0.0 enable
2020-07-06 10:10:30-log: cocos-play@1.0.0 enable
2020-07-06 10:10:30-log: mac@1.0.0 enable
2020-07-06 10:10:30-log: native@1.0.0 enable
2020-07-06 10:10:30-log: ios@1.0.0 enable
2020-07-06 10:10:30-log: oppo-mini-game@1.0.0 enable
2020-07-06 10:10:30-log: web-desktop@1.0.0 enable
2020-07-06 10:10:30-log: web-mobile@1.0.0 enable
2020-07-06 10:10:30-log: wechatgame@1.0.0 enable
2020-07-06 10:10:30-log: xiaomi-quick-game@1.0.0 enable
2020-07-06 10:10:30-log: vivo-mini-game@1.0.0 enable
2020-07-06 10:10:30-log: windows@1.0.0 enable
2020-07-06 10:15:16-error: [Scene] A Class already exists with the same __classname__ : "TemplatePanel".
2020-07-06 10:15:27-error: [Scene] A Class already exists with the same __classname__ : "TemplatePanel".
2020-07-06 10:15:27-error: [Scene] A Class already exists with the same __classname__ : "TemplatePanel".
2020-07-06 10:15:44-error: [Scene] A Class already exists with the same __classname__ : "TemplatePanel".
2020-07-06 10:15:44-error: [Scene] A Class already exists with the same __classname__ : "TemplatePanel".
2020-07-06 10:15:57-warn: [Window] Error: Cannot read property 'userData' of null
2020-07-06 10:15:57-warn: [Window] Error: Cannot read property 'userData' of null
2020-07-06 10:17:35-warn: [Window] Error: Cannot read property 'userData' of null
